g:\tkv\netbeansprojects\serialchannel\cppsrc\serialchannel\serialchannel\debug\serialchannel64.pch
g:\tkv\netbeansprojects\serialchannel\cppsrc\serialchannel\serialchannel\debug\vc120.pdb
g:\tkv\netbeansprojects\serialchannel\cppsrc\serialchannel\serialchannel\debug\stdafx.obj
g:\tkv\netbeansprojects\serialchannel\cppsrc\serialchannel\serialchannel\debug\dllmain.obj
g:\tkv\netbeansprojects\serialchannel\cppsrc\serialchannel\serialchannel\debug\serialchannel.obj
g:\tkv\netbeansprojects\serialchannel\cppsrc\serialchannel\debug\serialchannel64.ilk
g:\tkv\netbeansprojects\serialchannel\cppsrc\serialchannel\debug\serialchannel64.dll
g:\tkv\netbeansprojects\serialchannel\cppsrc\serialchannel\debug\serialchannel64.pdb
g:\tkv\netbeansprojects\serialchannel\cppsrc\serialchannel\serialchannel\debug\serialchannel.res
g:\tkv\netbeansprojects\serialchannel\cppsrc\serialchannel\debug\serialchannel64.lib
g:\tkv\netbeansprojects\serialchannel\cppsrc\serialchannel\debug\serialchannel64.exp
g:\tkv\netbeansprojects\serialchannel\cppsrc\serialchannel\debug\serialchannel32.pdb
g:\tkv\netbeansprojects\serialchannel\cppsrc\serialchannel\debug\serialchannel32.dll
g:\tkv\netbeansprojects\serialchannel\cppsrc\serialchannel\debug\serialchannel32.ilk
g:\tkv\netbeansprojects\serialchannel\cppsrc\serialchannel\serialchannel\debug\serialchannel.tlog\cl.command.1.tlog
g:\tkv\netbeansprojects\serialchannel\cppsrc\serialchannel\serialchannel\debug\serialchannel.tlog\cl.read.1.tlog
g:\tkv\netbeansprojects\serialchannel\cppsrc\serialchannel\serialchannel\debug\serialchannel.tlog\cl.write.1.tlog
g:\tkv\netbeansprojects\serialchannel\cppsrc\serialchannel\serialchannel\debug\serialchannel.tlog\link.command.1.tlog
g:\tkv\netbeansprojects\serialchannel\cppsrc\serialchannel\serialchannel\debug\serialchannel.tlog\link.read.1.tlog
g:\tkv\netbeansprojects\serialchannel\cppsrc\serialchannel\serialchannel\debug\serialchannel.tlog\link.write.1.tlog
g:\tkv\netbeansprojects\serialchannel\cppsrc\serialchannel\serialchannel\debug\serialchannel.tlog\rc.command.1.tlog
g:\tkv\netbeansprojects\serialchannel\cppsrc\serialchannel\serialchannel\debug\serialchannel.tlog\rc.read.1.tlog
g:\tkv\netbeansprojects\serialchannel\cppsrc\serialchannel\serialchannel\debug\serialchannel.tlog\rc.write.1.tlog
g:\tkv\netbeansprojects\serialchannel\cppsrc\serialchannel\serialchannel\debug\serialchannel.tlog\serialchannel.write.1u.tlog
