Build started 10.5.2015 16:46:59.
     1>Project "G:\tkv\NetBeansProjects\SerialChannel\cppsrc\SerialChannel\SerialChannel\SerialChannel.vcxproj" on node 2 (Rebuild target(s)).
     1>PreBuildEvent:
         "c:\Program Files\Java\jdk1.7.0_75\bin\javah" -v -classpath ..\..\..\target\classes org.vesalainen.comm.channel.winx.WinSerialChannel
         :VCEnd
         [No need to update file RegularFileObject[org_vesalainen_comm_channel_winx_WinSerialChannel.h]]
       ClCompile:
         G:\Program Files\Microsoft Visual Studio 12.0\VC\bin\x86_amd64\CL.exe /c /I"C:\Users\tkv\Documents\Visual Studio 2008\Projects\SerialChannel\SerialChannel" /Zi /nologo /W3 /WX- /Od /D WIN32 /D _DEBUG /D _WINDOWS /D _USRDLL /D SERIALCHANNEL_EXPORTS /D _WINDLL /Gm- /EHsc /RTC1 /MDd /GS /fp:precise /Zc:wchar_t /Zc:forScope /Yc"stdafx.h" /Fp"Debug\SerialChannel64.pch" /Fo"Debug\\" /Fd"Debug\vc120.pdb" /Gz /TC /errorReport:prompt stdafx.cpp
         stdafx.cpp
         G:\Program Files\Microsoft Visual Studio 12.0\VC\bin\x86_amd64\CL.exe /c /I"C:\Users\tkv\Documents\Visual Studio 2008\Projects\SerialChannel\SerialChannel" /Zi /nologo /W3 /WX- /Od /D WIN32 /D _DEBUG /D _WINDOWS /D _USRDLL /D SERIALCHANNEL_EXPORTS /D _WINDLL /Gm- /EHsc /RTC1 /MDd /GS /fp:precise /Zc:wchar_t /Zc:forScope /Fo"Debug\\" /Fd"Debug\vc120.pdb" /Gz /TC /errorReport:prompt dllmain.cpp
         dllmain.cpp
         G:\Program Files\Microsoft Visual Studio 12.0\VC\bin\x86_amd64\CL.exe /c /I"C:\Users\tkv\Documents\Visual Studio 2008\Projects\SerialChannel\SerialChannel" /Zi /nologo /W3 /WX- /Od /D WIN32 /D _DEBUG /D _WINDOWS /D _USRDLL /D SERIALCHANNEL_EXPORTS /D _WINDLL /Gm- /EHsc /RTC1 /MDd /GS /fp:precise /Zc:wchar_t /Zc:forScope /Yu"stdafx.h" /Fp"Debug\SerialChannel64.pch" /Fo"Debug\\" /Fd"Debug\vc120.pdb" /Gz /TC /errorReport:prompt SerialChannel.cpp
         SerialChannel.cpp
       ResourceCompile:
         C:\Program Files (x86)\Windows Kits\8.1\bin\x86\rc.exe /l"0x0409" /nologo /fo"Debug\SerialChannel.res" SerialChannel.rc 
       Link:
         G:\Program Files\Microsoft Visual Studio 12.0\VC\bin\x86_amd64\link.exe /ERRORREPORT:PROMPT /OUT:"..\..\..\src\main\resources\SerialChannel64.dll" /INCREMENTAL /NOLOGO Setupapi.lib kernel32.lib user32.lib gdi32.lib winspool.lib comdlg32.lib advapi32.lib shell32.lib ole32.lib oleaut32.lib uuid.lib odbc32.lib odbccp32.lib /MANIFEST /MANIFESTUAC:"level='asInvoker' uiAccess='false'" /manifest:embed /DEBUG /PDB:"..\..\..\src\main\resources\SerialChannel64.pdb" /SUBSYSTEM:WINDOWS /TLBID:1 /DYNAMICBASE /NXCOMPAT /IMPLIB:"..\..\..\src\main\resources\SerialChannel64.lib" /MACHINE:X64 /DLL Debug\SerialChannel.res
         Debug\dllmain.obj
         Debug\SerialChannel.obj
         Debug\stdafx.obj
            Creating library ..\..\..\src\main\resources\SerialChannel64.lib and object ..\..\..\src\main\resources\SerialChannel64.exp
         SerialChannel.vcxproj -> G:\tkv\NetBeansProjects\SerialChannel\cppsrc\SerialChannel\SerialChannel\..\..\..\src\main\resources\SerialChannel64.dll
     1>Done Building Project "G:\tkv\NetBeansProjects\SerialChannel\cppsrc\SerialChannel\SerialChannel\SerialChannel.vcxproj" (Rebuild target(s)).

Build succeeded.

Time Elapsed 00:00:01.62
