C:\USERS\TKV\DOCUMENTS\NETBEANSPROJECTS\SERIALCHANNEL\CPPSRC\SERIALCHANNEL\SERIALCHANNEL\DEBUG\SERIALCHANNEL32.PCH
C:\USERS\TKV\DOCUMENTS\NETBEANSPROJECTS\SERIALCHANNEL\CPPSRC\SERIALCHANNEL\SERIALCHANNEL\DEBUG\STDAFX.OBJ
C:\USERS\TKV\DOCUMENTS\NETBEANSPROJECTS\SERIALCHANNEL\CPPSRC\SERIALCHANNEL\SERIALCHANNEL\DEBUG\VC110.PDB
C:\USERS\TKV\DOCUMENTS\NETBEANSPROJECTS\SERIALCHANNEL\CPPSRC\SERIALCHANNEL\SERIALCHANNEL\DEBUG\DLLMAIN.OBJ
C:\USERS\TKV\DOCUMENTS\NETBEANSPROJECTS\SERIALCHANNEL\CPPSRC\SERIALCHANNEL\SERIALCHANNEL\DEBUG\SERIALCHANNEL.OBJ
C:\USERS\TKV\DOCUMENTS\NETBEANSPROJECTS\SERIALCHANNEL\CPPSRC\SERIALCHANNEL\DEBUG\SERIALCHANNEL32.ILK
C:\USERS\TKV\DOCUMENTS\NETBEANSPROJECTS\SERIALCHANNEL\CPPSRC\SERIALCHANNEL\DEBUG\SERIALCHANNEL32.DLL
C:\USERS\TKV\DOCUMENTS\NETBEANSPROJECTS\SERIALCHANNEL\CPPSRC\SERIALCHANNEL\DEBUG\SERIALCHANNEL32.PDB
C:\USERS\TKV\DOCUMENTS\NETBEANSPROJECTS\SERIALCHANNEL\CPPSRC\SERIALCHANNEL\SERIALCHANNEL\DEBUG\SERIALCHANNEL.RES
C:\Users\tkv\Documents\NetBeansProjects\SerialChannel\cppsrc\SerialChannel\Debug\SerialChannel32.lib
C:\Users\tkv\Documents\NetBeansProjects\SerialChannel\cppsrc\SerialChannel\Debug\SerialChannel32.exp
C:\Users\tkv\Documents\NetBeansProjects\SerialChannel\cppsrc\SerialChannel\SerialChannel\Debug\dllmain.obj
C:\Users\tkv\Documents\NetBeansProjects\SerialChannel\cppsrc\SerialChannel\SerialChannel\Debug\SerialChannel.obj
C:\Users\tkv\Documents\NetBeansProjects\SerialChannel\cppsrc\SerialChannel\SerialChannel\Debug\stdafx.obj
C:\Users\tkv\Documents\NetBeansProjects\SerialChannel\cppsrc\SerialChannel\SerialChannel\Debug\cl.command.1.tlog
C:\Users\tkv\Documents\NetBeansProjects\SerialChannel\cppsrc\SerialChannel\SerialChannel\Debug\CL.read.1.tlog
C:\Users\tkv\Documents\NetBeansProjects\SerialChannel\cppsrc\SerialChannel\SerialChannel\Debug\CL.write.1.tlog
C:\Users\tkv\Documents\NetBeansProjects\SerialChannel\cppsrc\SerialChannel\SerialChannel\Debug\link-cvtres.read.1.tlog
C:\Users\tkv\Documents\NetBeansProjects\SerialChannel\cppsrc\SerialChannel\SerialChannel\Debug\link-cvtres.write.1.tlog
C:\Users\tkv\Documents\NetBeansProjects\SerialChannel\cppsrc\SerialChannel\SerialChannel\Debug\link-rc.read.1.tlog
C:\Users\tkv\Documents\NetBeansProjects\SerialChannel\cppsrc\SerialChannel\SerialChannel\Debug\link-rc.write.1.tlog
C:\Users\tkv\Documents\NetBeansProjects\SerialChannel\cppsrc\SerialChannel\SerialChannel\Debug\link.command.1.tlog
C:\Users\tkv\Documents\NetBeansProjects\SerialChannel\cppsrc\SerialChannel\SerialChannel\Debug\link.read.1.tlog
C:\Users\tkv\Documents\NetBeansProjects\SerialChannel\cppsrc\SerialChannel\SerialChannel\Debug\link.write.1.tlog
C:\Users\tkv\Documents\NetBeansProjects\SerialChannel\cppsrc\SerialChannel\SerialChannel\Debug\rc.command.1.tlog
C:\Users\tkv\Documents\NetBeansProjects\SerialChannel\cppsrc\SerialChannel\SerialChannel\Debug\rc.read.1.tlog
C:\Users\tkv\Documents\NetBeansProjects\SerialChannel\cppsrc\SerialChannel\SerialChannel\Debug\rc.write.1.tlog
C:\Users\tkv\Documents\NetBeansProjects\SerialChannel\cppsrc\SerialChannel\SerialChannel\Debug\SerialChannel.write.1.tlog
C:\Users\tkv\Documents\NetBeansProjects\SerialChannel\cppsrc\SerialChannel\SerialChannel\Debug\SerialChannel.res
C:\Users\tkv\Documents\NetBeansProjects\SerialChannel\cppsrc\SerialChannel\SerialChannel\Debug\SerialChannel32.pch
C:\Users\tkv\Documents\NetBeansProjects\SerialChannel\cppsrc\SerialChannel\SerialChannel\Debug\vc110.idb
C:\Users\tkv\Documents\NetBeansProjects\SerialChannel\cppsrc\SerialChannel\SerialChannel\Debug\vc110.pdb
