g:\tkv\netbeansprojects\serialchannel\cppsrc\serialchannel\serialchannel\release\serialchannel64.pch
g:\tkv\netbeansprojects\serialchannel\cppsrc\serialchannel\serialchannel\release\vc120.pdb
g:\tkv\netbeansprojects\serialchannel\cppsrc\serialchannel\serialchannel\release\stdafx.obj
g:\tkv\netbeansprojects\serialchannel\cppsrc\serialchannel\serialchannel\release\dllmain.obj
g:\tkv\netbeansprojects\serialchannel\cppsrc\serialchannel\serialchannel\release\serialchannel.obj
g:\tkv\netbeansprojects\serialchannel\src\serialchannel64.dll
g:\tkv\netbeansprojects\serialchannel\src\serialchannel64.pdb
g:\tkv\netbeansprojects\serialchannel\cppsrc\serialchannel\serialchannel\release\serialchannel.res
g:\tkv\netbeansprojects\serialchannel\src\serialchannel64.lib
g:\tkv\netbeansprojects\serialchannel\src\serialchannel64.exp
g:\tkv\netbeansprojects\serialchannel\cppsrc\serialchannel\serialchannel\release\serialchannel.tlog\cl.command.1.tlog
g:\tkv\netbeansprojects\serialchannel\cppsrc\serialchannel\serialchannel\release\serialchannel.tlog\cl.read.1.tlog
g:\tkv\netbeansprojects\serialchannel\cppsrc\serialchannel\serialchannel\release\serialchannel.tlog\cl.write.1.tlog
g:\tkv\netbeansprojects\serialchannel\cppsrc\serialchannel\serialchannel\release\serialchannel.tlog\link.command.1.tlog
g:\tkv\netbeansprojects\serialchannel\cppsrc\serialchannel\serialchannel\release\serialchannel.tlog\link.read.1.tlog
g:\tkv\netbeansprojects\serialchannel\cppsrc\serialchannel\serialchannel\release\serialchannel.tlog\link.write.1.tlog
g:\tkv\netbeansprojects\serialchannel\cppsrc\serialchannel\serialchannel\release\serialchannel.tlog\rc.command.1.tlog
g:\tkv\netbeansprojects\serialchannel\cppsrc\serialchannel\serialchannel\release\serialchannel.tlog\rc.read.1.tlog
g:\tkv\netbeansprojects\serialchannel\cppsrc\serialchannel\serialchannel\release\serialchannel.tlog\rc.write.1.tlog
g:\tkv\netbeansprojects\serialchannel\cppsrc\serialchannel\serialchannel\release\serialchannel.tlog\serialchannel.write.1u.tlog
