C:\USERS\TKV\DOCUMENTS\NETBEANSPROJECTS\SERIALCHANNEL\CPPSRC\SERIALCHANNEL\SERIALCHANNEL\RELEASE\SERIALCHANNEL64.PCH
C:\USERS\TKV\DOCUMENTS\NETBEANSPROJECTS\SERIALCHANNEL\CPPSRC\SERIALCHANNEL\SERIALCHANNEL\RELEASE\STDAFX.OBJ
C:\USERS\TKV\DOCUMENTS\NETBEANSPROJECTS\SERIALCHANNEL\CPPSRC\SERIALCHANNEL\SERIALCHANNEL\RELEASE\VC110.PDB
C:\USERS\TKV\DOCUMENTS\NETBEANSPROJECTS\SERIALCHANNEL\CPPSRC\SERIALCHANNEL\SERIALCHANNEL\RELEASE\DLLMAIN.OBJ
C:\USERS\TKV\DOCUMENTS\NETBEANSPROJECTS\SERIALCHANNEL\CPPSRC\SERIALCHANNEL\SERIALCHANNEL\RELEASE\SERIALCHANNEL.OBJ
C:\USERS\TKV\DOCUMENTS\NETBEANSPROJECTS\SERIALCHANNEL\CPPSRC\SERIALCHANNEL\RELEASE\SERIALCHANNEL64.DLL
C:\USERS\TKV\DOCUMENTS\NETBEANSPROJECTS\SERIALCHANNEL\CPPSRC\SERIALCHANNEL\RELEASE\SERIALCHANNEL64.PDB
C:\USERS\TKV\DOCUMENTS\NETBEANSPROJECTS\SERIALCHANNEL\CPPSRC\SERIALCHANNEL\SERIALCHANNEL\RELEASE\SERIALCHANNEL.RES
C:\Users\tkv\Documents\NetBeansProjects\SerialChannel\cppsrc\SerialChannel\Release\SerialChannel64.lib
C:\Users\tkv\Documents\NetBeansProjects\SerialChannel\cppsrc\SerialChannel\Release\SerialChannel64.exp
C:\Users\tkv\Documents\NetBeansProjects\SerialChannel\cppsrc\SerialChannel\SerialChannel\Release\dllmain.obj
C:\Users\tkv\Documents\NetBeansProjects\SerialChannel\cppsrc\SerialChannel\SerialChannel\Release\SerialChannel.obj
C:\Users\tkv\Documents\NetBeansProjects\SerialChannel\cppsrc\SerialChannel\SerialChannel\Release\stdafx.obj
C:\Users\tkv\Documents\NetBeansProjects\SerialChannel\cppsrc\SerialChannel\SerialChannel\Release\cl.command.1.tlog
C:\Users\tkv\Documents\NetBeansProjects\SerialChannel\cppsrc\SerialChannel\SerialChannel\Release\CL.read.1.tlog
C:\Users\tkv\Documents\NetBeansProjects\SerialChannel\cppsrc\SerialChannel\SerialChannel\Release\CL.write.1.tlog
C:\Users\tkv\Documents\NetBeansProjects\SerialChannel\cppsrc\SerialChannel\SerialChannel\Release\link-cvtres.read.1.tlog
C:\Users\tkv\Documents\NetBeansProjects\SerialChannel\cppsrc\SerialChannel\SerialChannel\Release\link-cvtres.write.1.tlog
C:\Users\tkv\Documents\NetBeansProjects\SerialChannel\cppsrc\SerialChannel\SerialChannel\Release\link-rc.read.1.tlog
C:\Users\tkv\Documents\NetBeansProjects\SerialChannel\cppsrc\SerialChannel\SerialChannel\Release\link-rc.write.1.tlog
C:\Users\tkv\Documents\NetBeansProjects\SerialChannel\cppsrc\SerialChannel\SerialChannel\Release\link.command.1.tlog
C:\Users\tkv\Documents\NetBeansProjects\SerialChannel\cppsrc\SerialChannel\SerialChannel\Release\link.read.1.tlog
C:\Users\tkv\Documents\NetBeansProjects\SerialChannel\cppsrc\SerialChannel\SerialChannel\Release\link.write.1.tlog
C:\Users\tkv\Documents\NetBeansProjects\SerialChannel\cppsrc\SerialChannel\SerialChannel\Release\rc.command.1.tlog
C:\Users\tkv\Documents\NetBeansProjects\SerialChannel\cppsrc\SerialChannel\SerialChannel\Release\rc.read.1.tlog
C:\Users\tkv\Documents\NetBeansProjects\SerialChannel\cppsrc\SerialChannel\SerialChannel\Release\rc.write.1.tlog
C:\Users\tkv\Documents\NetBeansProjects\SerialChannel\cppsrc\SerialChannel\SerialChannel\Release\SerialChannel.write.1.tlog
C:\Users\tkv\Documents\NetBeansProjects\SerialChannel\cppsrc\SerialChannel\SerialChannel\Release\SerialChannel.res
C:\Users\tkv\Documents\NetBeansProjects\SerialChannel\cppsrc\SerialChannel\SerialChannel\Release\SerialChannel64.pch
C:\Users\tkv\Documents\NetBeansProjects\SerialChannel\cppsrc\SerialChannel\SerialChannel\Release\vc110.pdb
C:\Users\tkv\Documents\NetBeansProjects\SerialChannel\cppsrc\SerialChannel\Release\SerialChannel64.pdb
C:\Users\tkv\Documents\NetBeansProjects\SerialChannel\cppsrc\SerialChannel\Release\SerialChannel64.dll
