Build started 25.12.2011 9:01:10.
     1>Project "C:\Users\tkv\Documents\NetBeansProjects\SerialChannel\cppsrc\SerialChannel\SerialChannel\SerialChannel.vcxproj" on node 3 (build target(s)).
     1>InitializeBuildStatus:
         Creating "Release\SerialChannel.unsuccessfulbuild" because "AlwaysCreate" was specified.
       ClCompile:
         All outputs are up-to-date.
         c:\Program Files (x86)\Microsoft Visual Studio 10.0\VC\bin\CL.exe /c /I"C:\Users\tkv\Documents\Visual Studio 2008\Projects\SerialChannel\SerialChannel" /Zi /nologo /W3 /WX- /O2 /Oi /Oy- /GL /D WIN32 /D NDEBUG /D _WINDOWS /D _USRDLL /D SERIALCHANNEL_EXPORTS /D _WINDLL /Gm- /EHsc /MD /GS /Gy /fp:precise /Zc:wchar_t /Zc:forScope /Yc"StdAfx.h" /Fp"Release\SerialChannel32.pch" /Fo"Release\\" /Fd"Release\vc100.pdb" /Gz /TC /analyze- /errorReport:prompt stdafx.cpp
         stdafx.cpp
         All outputs are up-to-date.
         c:\Program Files (x86)\Microsoft Visual Studio 10.0\VC\bin\CL.exe /c /I"C:\Users\tkv\Documents\Visual Studio 2008\Projects\SerialChannel\SerialChannel" /Zi /nologo /W3 /WX- /O2 /Oi /Oy- /GL /D WIN32 /D NDEBUG /D _WINDOWS /D _USRDLL /D SERIALCHANNEL_EXPORTS /D _WINDLL /Gm- /EHsc /MD /GS /Gy /fp:precise /Zc:wchar_t /Zc:forScope /Fo"Release\\" /Fd"Release\vc100.pdb" /Gz /TC /analyze- /errorReport:prompt dllmain.cpp
         dllmain.cpp
         All outputs are up-to-date.
         c:\Program Files (x86)\Microsoft Visual Studio 10.0\VC\bin\CL.exe /c /I"C:\Users\tkv\Documents\Visual Studio 2008\Projects\SerialChannel\SerialChannel" /Zi /nologo /W3 /WX- /O2 /Oi /Oy- /GL /D WIN32 /D NDEBUG /D _WINDOWS /D _USRDLL /D SERIALCHANNEL_EXPORTS /D _WINDLL /Gm- /EHsc /MD /GS /Gy /fp:precise /Zc:wchar_t /Zc:forScope /Yu"StdAfx.h" /Fp"Release\SerialChannel32.pch" /Fo"Release\\" /Fd"Release\vc100.pdb" /Gz /TC /analyze- /errorReport:prompt SerialChannel.cpp
         SerialChannel.cpp
       ResourceCompile:
         All outputs are up-to-date.
       Link:
         c:\Program Files (x86)\Microsoft Visual Studio 10.0\VC\bin\link.exe /ERRORREPORT:PROMPT /OUT:"C:\Users\tkv\Documents\NetBeansProjects\SerialChannel\cppsrc\SerialChannel\Release\SerialChannel32.dll" /INCREMENTAL:NO /NOLOGO Setupapi.lib kernel32.lib user32.lib gdi32.lib winspool.lib comdlg32.lib advapi32.lib shell32.lib ole32.lib oleaut32.lib uuid.lib odbc32.lib odbccp32.lib /MANIFEST /ManifestFile:"Release\SerialChannel32.dll.intermediate.manifest" /MANIFESTUAC:"level='asInvoker' uiAccess='false'" /DEBUG /PDB:"C:\Users\tkv\Documents\NetBeansProjects\SerialChannel\cppsrc\SerialChannel\Release\SerialChannel32.pdb" /SUBSYSTEM:WINDOWS /OPT:REF /OPT:ICF /LTCG /TLBID:1 /DYNAMICBASE /NXCOMPAT /IMPLIB:"C:\Users\tkv\Documents\NetBeansProjects\SerialChannel\cppsrc\SerialChannel\Release\SerialChannel32.lib" /MACHINE:X86 /DLL Release\SerialChannel.res
         Release\dllmain.obj
         Release\SerialChannel.obj
         Release\stdafx.obj
            Creating library C:\Users\tkv\Documents\NetBeansProjects\SerialChannel\cppsrc\SerialChannel\Release\SerialChannel32.lib and object C:\Users\tkv\Documents\NetBeansProjects\SerialChannel\cppsrc\SerialChannel\Release\SerialChannel32.exp
         Generating code
         Finished generating code
         SerialChannel.vcxproj -> C:\Users\tkv\Documents\NetBeansProjects\SerialChannel\cppsrc\SerialChannel\Release\SerialChannel32.dll
       Manifest:
         C:\Program Files (x86)\Microsoft SDKs\Windows\v7.0A\bin\mt.exe /nologo /verbose /outputresource:"C:\Users\tkv\Documents\NetBeansProjects\SerialChannel\cppsrc\SerialChannel\Release\SerialChannel32.dll;#2" /manifest Release\SerialChannel32.dll.intermediate.manifest
       FinalizeBuildStatus:
         Deleting file "Release\SerialChannel.unsuccessfulbuild".
         Touching "Release\SerialChannel.lastbuildstate".
     1>Done Building Project "C:\Users\tkv\Documents\NetBeansProjects\SerialChannel\cppsrc\SerialChannel\SerialChannel\SerialChannel.vcxproj" (build target(s)).

Build succeeded.

Time Elapsed 00:00:02.54
